<?xml version="1.0" encoding="UTF-8"?>
<!-- Generated by org.testng.reporters.JUnitReportReporter -->
<testsuite hostname="LAPTOP-HL3AL6R5" failures="0" tests="2" name="runner.LoginRunner" time="0.169" errors="0" timestamp="2023-06-07T15:19:38 IST" skipped="0">
  <testcase classname="runner.LoginRunner" name="runScenario" time="0.015"/>
  <system-out/>
  <testcase classname="runner.LoginRunner" name="runScenario" time="0.154"/>
  <system-out/>
</testsuite> <!-- runner.LoginRunner -->
